#
# There is insufficient memory for the Java Runtime Environment to continue.
# Native memory allocation (malloc) failed to allocate 1048576 bytes for AllocateHeap
# Possible reasons:
#   The system is out of physical RAM or swap space
#   The process is running with CompressedOops enabled, and the Java Heap may be blocking the growth of the native heap
# Possible solutions:
#   Reduce memory load on the system
#   Increase physical memory or swap space
#   Check if swap backing store is full
#   Decrease Java heap size (-Xmx/-Xms)
#   Decrease number of Java threads
#   Decrease Java thread stack sizes (-Xss)
#   Set larger code cache with -XX:ReservedCodeCacheSize=
#   JVM is running with Unscaled Compressed Oops mode in which the Java heap is
#     placed in the first 4GB address space. The Java Heap base address is the
#     maximum limit for the native heap growth. Please use -XX:HeapBaseMinAddress
#     to set the Java Heap base and to place the Java Heap above 4GB virtual address.
# This output file may be truncated or incomplete.
#
#  Out of Memory Error (./open/src/hotspot/share/memory/allocation.cpp:44), pid=22728, tid=25500
#
# JRE version:  (14.0.1+7) (build )
# Java VM: Java HotSpot(TM) 64-Bit Server VM (14.0.1+7, mixed mode, sharing, tiered, compressed oops, g1 gc, windows-amd64)
# No core dump will be written. Minidumps are not enabled by default on client versions of Windows
#

---------------  S U M M A R Y ------------

Command Line: -Dfile.encoding=Cp1252 -XX:+ShowCodeDetailsInExceptionMessages mc322.jogo.Aplicativo

Host: Intel(R) Core(TM) i7-9700 CPU @ 3.00GHz, 8 cores, 31G,  Windows 10 , 64 bit Build 19041 (10.0.19041.804)
Time: Fri May 21 17:40:03 2021 E. South America Standard Time elapsed time: 0 seconds (0d 0h 0m 0s)

---------------  T H R E A D  ---------------

Current thread (0x000001deda707800):  JavaThread "Unknown thread" [_thread_in_vm, id=25500, stack(0x00000068c8e00000,0x00000068c8f00000)]

Stack: [0x00000068c8e00000,0x00000068c8f00000]
Native frames: (J=compiled Java code, j=interpreted, Vv=VM code, C=native code)
V  [jvm.dll+0x5f840a]
V  [jvm.dll+0x741e4a]
V  [jvm.dll+0x7435ff]
V  [jvm.dll+0x743c43]
V  [jvm.dll+0x20d288]
V  [jvm.dll+0xa2b2f]
V  [jvm.dll+0x29c03d]
V  [jvm.dll+0x71f708]
V  [jvm.dll+0x321c44]
V  [jvm.dll+0x700b0c]
V  [jvm.dll+0x392dff]
V  [jvm.dll+0x394e71]
C  [jli.dll+0x523b]
C  [ucrtbase.dll+0x21bb2]
C  [KERNEL32.DLL+0x17034]
C  [ntdll.dll+0x52651]


---------------  P R O C E S S  ---------------

Threads class SMR info:
_java_thread_list=0x00007ff999e73078, length=0, elements={
}

Java Threads: ( => current thread )

Other Threads:

[error occurred during error reporting (printing all threads), id 0xc0000005, EXCEPTION_ACCESS_VIOLATION (0xc0000005) at pc=0x00007ff999af5df7]

VM state:not at safepoint (not fully initialized)

VM Mutex/Monitor currently owned by a thread: None

Heap address: 0x0000000000000000, size: 0 MB, Compressed Oops mode: 32-bit
Narrow klass base: 0x0000000000000000, Narrow klass shift: 0

GC Heap History (0 events):
No events

Deoptimization events (0 events):
No events

Classes unloaded (0 events):
No events

Classes redefined (0 events):
No events

Internal exceptions (0 events):
No events

Events (2 events):
Event: 0.005 Loaded shared library C:\Program Files\Java\jdk-14.0.1\bin\java.dll
Event: 0.005 Loaded shared library C:\Program Files\Java\jdk-14.0.1\bin\zip.dll


Dynamic libraries:
0x00007ff6c2d20000 - 0x00007ff6c2d2f000 	C:\Program Files\Java\jdk-14.0.1\bin\javaw.exe
0x00007ff9e66b0000 - 0x00007ff9e68a5000 	C:\WINDOWS\SYSTEM32\ntdll.dll
0x00007ff9e65b0000 - 0x00007ff9e666d000 	C:\WINDOWS\System32\KERNEL32.DLL
0x00007ff9e4410000 - 0x00007ff9e46d9000 	C:\WINDOWS\System32\KERNELBASE.dll
0x00007ff9e3df0000 - 0x00007ff9e3ef0000 	C:\WINDOWS\System32\ucrtbase.dll
0x00007ff9e1030000 - 0x00007ff9e1048000 	C:\Program Files\Java\jdk-14.0.1\bin\jli.dll
0x00007ff9e0b70000 - 0x00007ff9e0b85000 	C:\Program Files\Java\jdk-14.0.1\bin\VCRUNTIME140.dll
0x00007ff9e6420000 - 0x00007ff9e64cc000 	C:\WINDOWS\System32\ADVAPI32.dll
0x00007ff9e4910000 - 0x00007ff9e49ae000 	C:\WINDOWS\System32\msvcrt.dll
0x00007ff9e6370000 - 0x00007ff9e640c000 	C:\WINDOWS\System32\sechost.dll
0x00007ff9e55a0000 - 0x00007ff9e56cb000 	C:\WINDOWS\System32\RPCRT4.dll
0x00007ff9e57a0000 - 0x00007ff9e5940000 	C:\WINDOWS\System32\USER32.dll
0x00007ff9cfb20000 - 0x00007ff9cfdba000 	C:\WINDOWS\WinSxS\amd64_microsoft.windows.common-controls_6595b64144ccf1df_6.0.19041.844_none_ca00b6081b84eb1d\COMCTL32.dll
0x00007ff9e42e0000 - 0x00007ff9e4302000 	C:\WINDOWS\System32\win32u.dll
0x00007ff9e4a70000 - 0x00007ff9e4a9a000 	C:\WINDOWS\System32\GDI32.dll
0x00007ff9e3ef0000 - 0x00007ff9e3ffb000 	C:\WINDOWS\System32\gdi32full.dll
0x00007ff9e4310000 - 0x00007ff9e43ad000 	C:\WINDOWS\System32\msvcp_win.dll
0x00007ff9dc610000 - 0x00007ff9dc61a000 	C:\WINDOWS\SYSTEM32\VERSION.dll
0x00007ff9e4a40000 - 0x00007ff9e4a70000 	C:\WINDOWS\System32\IMM32.DLL
0x00007ff9c4550000 - 0x00007ff9c45eb000 	C:\Program Files\Java\jdk-14.0.1\bin\msvcp140.dll
0x00007ff9993f0000 - 0x00007ff999f0e000 	C:\Program Files\Java\jdk-14.0.1\bin\server\jvm.dll
0x00007ff9e6410000 - 0x00007ff9e6418000 	C:\WINDOWS\System32\PSAPI.DLL
0x00007ff9e14f0000 - 0x00007ff9e14f9000 	C:\WINDOWS\SYSTEM32\WSOCK32.dll
0x00007ff9d8bf0000 - 0x00007ff9d8c17000 	C:\WINDOWS\SYSTEM32\WINMM.dll
0x00007ff9e50b0000 - 0x00007ff9e511b000 	C:\WINDOWS\System32\WS2_32.dll
0x00007ff9e1d70000 - 0x00007ff9e1d82000 	C:\WINDOWS\SYSTEM32\kernel.appcore.dll
0x00007ff9e0fc0000 - 0x00007ff9e0fca000 	C:\Program Files\Java\jdk-14.0.1\bin\jimage.dll
0x00007ff9d6e10000 - 0x00007ff9d6ff4000 	C:\WINDOWS\SYSTEM32\DBGHELP.DLL
0x00007ff9d6dd0000 - 0x00007ff9d6dfc000 	C:\WINDOWS\SYSTEM32\dbgcore.DLL
0x00007ff9e4260000 - 0x00007ff9e42e0000 	C:\WINDOWS\System32\bcryptPrimitives.dll
0x00007ff9e0900000 - 0x00007ff9e0925000 	C:\Program Files\Java\jdk-14.0.1\bin\java.dll
0x00007ff9e0f40000 - 0x00007ff9e0f56000 	C:\Program Files\Java\jdk-14.0.1\bin\zip.dll

dbghelp: loaded successfully - version: 4.0.5 - missing functions: none
symbol engine: initialized successfully - sym options: 0x614 - pdb path: .;C:\Program Files\Java\jdk-14.0.1\bin;C:\WINDOWS\SYSTEM32;C:\WINDOWS\WinSxS\amd64_microsoft.windows.common-controls_6595b64144ccf1df_6.0.19041.844_none_ca00b6081b84eb1d;C:\Program Files\Java\jdk-14.0.1\bin\server

VM Arguments:
jvm_args: -Dfile.encoding=Cp1252 -XX:+ShowCodeDetailsInExceptionMessages 
java_command: mc322.jogo.Aplicativo
java_class_path (initial): D:\eclipse-workplace\Jogo\bin
Launcher Type: SUN_STANDARD

[Global flags]
     intx CICompilerCount                          = 4                                         {product} {ergonomic}
     uint G1ConcRefinementThreads                  = 8                                         {product} {ergonomic}
   size_t G1HeapRegionSize                         = 2097152                                   {product} {ergonomic}
    uintx GCDrainStackTargetSize                   = 64                                        {product} {ergonomic}
   size_t InitialHeapSize                          = 536870912                                 {product} {ergonomic}
   size_t MaxHeapSize                              = 8571060224                                {product} {ergonomic}
   size_t MinHeapDeltaBytes                        = 2097152                                   {product} {ergonomic}
   size_t MinHeapSize                              = 8388608                                   {product} {ergonomic}
    uintx NonNMethodCodeHeapSize                   = 5839372                                {pd product} {ergonomic}
    uintx NonProfiledCodeHeapSize                  = 122909434                              {pd product} {ergonomic}
    uintx ProfiledCodeHeapSize                     = 122909434                              {pd product} {ergonomic}
    uintx ReservedCodeCacheSize                    = 251658240                              {pd product} {ergonomic}
     bool SegmentedCodeCache                       = true                                      {product} {ergonomic}
     bool ShowCodeDetailsInExceptionMessages       = true                                   {manageable} {command line}
   size_t SoftMaxHeapSize                          = 8571060224                             {manageable} {ergonomic}
     bool UseCompressedClassPointers               = true                                 {lp64_product} {ergonomic}
     bool UseCompressedOops                        = true                                 {lp64_product} {ergonomic}
     bool UseG1GC                                  = true                                      {product} {ergonomic}
     bool UseLargePagesIndividualAllocation        = false                                  {pd product} {ergonomic}

Logging:
Log output configuration:
 #0: stdout all=warning uptime,level,tags
 #1: stderr all=off uptime,level,tags

Environment Variables:
JAVA_HOME=C:\Program Files\Java\jdk-14.0.1
PATH=C:/Program Files/Java/jdk-14.0.1/bin/server;C:/Program Files/Java/jdk-14.0.1/bin;C:\Program Files\AdoptOpenJDK\jdk-15.0.1.9-openj9\bin;C:\Program Files (x86)\Intel\Intel(R) Management Engine Components\iCLS\;C:\Program Files\Intel\Intel(R) Management Engine Components\iCLS\;C:\WINDOWS\system32;C:\WINDOWS;C:\WINDOWS\System32\Wbem;C:\WINDOWS\System32\WindowsPowerShell\v1.0\;C:\WINDOWS\System32\OpenSSH\;C:\Program Files (x86)\Intel\Intel(R) Management Engine Components\DAL;C:\Program Files\Intel\Intel(R) Management Engine Components\DAL;C:\Program Files (x86)\Intel\Intel(R) Management Engine Components\IPT;C:\Program Files\Intel\Intel(R) Management Engine Components\IPT;C:\Program Files\NVIDIA Corporation\NVIDIA NvDLISR;C:\Program Files\Java\jdk-14.0.1\bin;C:\Program Files (x86)\NVIDIA Corporation\PhysX\Common;C:\Program Files\Git\cmd;%SystemRoot%\system32;%SystemRoot%;%SystemRoot%\System32\Wbem;%SYSTEMROOT%\System32\WindowsPowerShell\v1.0\;%SYSTEMROOT%\System32\OpenSSH\;C:\Users\andre\AppData\Local\Programs\Python\Python38\Scripts\;C:\Users\andre\AppData\Local\Programs\Python\Python38\;C:\Users\andre\AppData\Local\Microsoft\WindowsApps;D:\Gradle\gradle-6.8\bin;;C:\WINDOWS\System32;
USERNAME=andre
OS=Windows_NT
PROCESSOR_IDENTIFIER=Intel64 Family 6 Model 158 Stepping 13, GenuineIntel



---------------  S Y S T E M  ---------------

OS: Windows 10 , 64 bit Build 19041 (10.0.19041.804)
OS uptime: 5 days 5:36 hours

CPU:total 8 (initial active 8) (8 cores per cpu, 1 threads per core) family 6 model 158 stepping 13, cmov, cx8, fxsr, mmx, sse, sse2, sse3, ssse3, sse4.1, sse4.2, popcnt, avx, avx2, aes, clmul, erms, rtm, 3dnowpref, lzcnt, tsc, tscinvbit, bmi1, bmi2, adx, fma

Memory: 4k page, system-wide physical 32688M (20594M free)
TotalPageFile size 61224M (AvailPageFile size 5M)
current process WorkingSet (physical memory assigned to process): 9M, peak: 9M
current process commit charge ("private bytes"): 18M, peak: 19M

vm_info: Java HotSpot(TM) 64-Bit Server VM (14.0.1+7) for windows-amd64 JRE (14.0.1+7), built on Mar  5 2020 10:30:14 by "mach5one" with MS VC++ 15.9 (VS2017)

END.
